0 info it worked if it ends with ok
1 verbose cli [ '/usr/local/bin/node', '/usr/local/bin/npm', 'link', '.' ]
2 info using npm@1.4.28
3 info using node@v0.10.36
4 verbose linkPkg /Users/steen/td-patch
5 verbose link build target /usr/local/lib/node_modules/td-patch
6 verbose install where,what [ '/Users/steen/td-patch', [] ]
7 verbose readDependencies using package.json deps
8 verbose install where, deps [ '/Users/steen/td-patch', [] ]
9 info preinstall td-patch@0.1.0
10 verbose readDependencies using package.json deps
11 silly resolved []
12 info build /Users/steen/td-patch
13 verbose linkStuff [ false, false, false, '/Users/steen' ]
14 info linkStuff td-patch@0.1.0
15 verbose linkBins td-patch@0.1.0
16 verbose linkMans td-patch@0.1.0
17 verbose rebuildBundles td-patch@0.1.0
18 info install td-patch@0.1.0
19 info postinstall td-patch@0.1.0
20 info prepublish td-patch@0.1.0
21 info build /usr/local/lib/node_modules/td-patch
22 verbose linkStuff [ true,
22 verbose linkStuff   '/usr/local/lib/node_modules',
22 verbose linkStuff   true,
22 verbose linkStuff   '/usr/local/lib/node_modules' ]
23 info linkStuff td-patch@0.1.0
24 verbose linkBins td-patch@0.1.0
25 verbose link bins [ { 'td-patch': 'tdpatch.js' }, '/usr/local/bin', true ]
26 verbose linkMans td-patch@0.1.0
27 error Error: ENOENT, chmod '/usr/local/lib/node_modules/td-patch/tdpatch.js'
28 error If you need help, you may report this *entire* log,
28 error including the npm and node versions, at:
28 error     <http://github.com/npm/npm/issues>
29 error System Darwin 14.0.0
30 error command "/usr/local/bin/node" "/usr/local/bin/npm" "link" "."
31 error cwd /Users/steen/td-patch
32 error node -v v0.10.36
33 error npm -v 1.4.28
34 error path /usr/local/lib/node_modules/td-patch/tdpatch.js
35 error code ENOENT
36 error errno 34
37 verbose exit [ 34, true ]
